<?xml version="1.0" encoding="UTF-8"?>
<!-- Generated by org.testng.reporters.JUnitReportReporter -->
<testsuite hostname="DESKTOP-GSF0NSK" failures="0" tests="15" name="demo1.souled_store" time="6.179" errors="0" timestamp="27 Jun 2023 08:21:39 GMT" skipped="0">
  <testcase classname="demo1.souled_store" name="I_am_check_button_is_vesible_or_cliclble_or_Not" time="0.625"/>
  <testcase classname="demo1.souled_store" name="I_should_see_Login_page_with_title" time="0.757"/>
  <testcase classname="demo1.souled_store" name="I_should_see_Register_page_with_title" time="0.609"/>
  <testcase classname="demo1.souled_store" name="I_Click_the_Register_Button" time="0.203"/>
  <testcase classname="demo1.souled_store" name="enter_my_firstname" time="0.347"/>
  <testcase classname="demo1.souled_store" name="enter_my_lastname" time="0.292"/>
  <testcase classname="demo1.souled_store" name="enter_Email" time="0.331"/>
  <testcase classname="demo1.souled_store" name="enter_New_password" time="0.225"/>
  <testcase classname="demo1.souled_store" name="enter_conform_password" time="0.253"/>
  <testcase classname="demo1.souled_store" name="enter_Mobile_number" time="0.274"/>
  <testcase classname="demo1.souled_store" name="I_select_a_femal_and_then_male_gender" time="0.375"/>
  <testcase classname="demo1.souled_store" name="enter_Register_Button" time="0.291"/>
  <testcase classname="demo1.souled_store" name="enter_Login_link" time="0.909"/>
  <testcase classname="demo1.souled_store" name="enter_valid_phone_number" time="0.333"/>
  <testcase classname="demo1.souled_store" name="click_login_button" time="0.355"/>
</testsuite> <!-- demo1.souled_store -->
